<?xml version='1.1' encoding='UTF-8'?>
<result plugin="junit@1304.vc85a_b_ca_96613">
  <suites>
    <suite>
      <file>/var/lib/jenkins/workspace/CICD/target/surefire-reports/TEST-com.example.bankapp.BankappApplicationTests.xml</file>
      <name>com.example.bankapp.BankappApplicationTests</name>
      <duration>5.604</duration>
      <startTime>-1</startTime>
      <properties/>
      <time>5.604</time>
      <nodeId>95</nodeId>
      <enclosingBlocks>
        <string>87</string>
      </enclosingBlocks>
      <enclosingBlockNames>
        <string>Build &amp; Publish Artifacts to Nexus</string>
      </enclosingBlockNames>
      <cases>
        <case>
          <duration>0.932</duration>
          <startTime>-1</startTime>
          <className>com.example.bankapp.BankappApplicationTests</className>
          <testName>contextLoads</testName>
          <skipped>false</skipped>
          <keepTestNames>false</keepTestNames>
          <properties/>
          <stdout>19:19:39.014 [main] INFO org.springframework.test.context.support.AnnotationConfigContextLoaderUtils -- Could not detect default configuration classes for test class [com.example.bankapp.BankappApplicationTests]: BankappApplicationTests does not declare any static, non-private, non-final, nested classes annotated with @Configuration.
19:19:39.123 [main] INFO org.springframework.boot.test.context.SpringBootTestContextBootstrapper -- Found @SpringBootConfiguration com.example.bankapp.BankappApplic
...[truncated 20709 chars]...
our security configuration must be updated before running your application in production.

2024-11-03T19:19:43.271Z  INFO 186295 --- [bankapp] [           main] r$InitializeUserDetailsManagerConfigurer : Global AuthenticationManager configured with UserDetailsService bean with name inMemoryUserDetailsManager
2024-11-03T19:19:43.466Z  INFO 186295 --- [bankapp] [           main] c.e.bankapp.BankappApplicationTests      : Started BankappApplicationTests in 4.191 seconds (process running for 5.341)
</stdout>
          <failedSince>0</failedSince>
        </case>
      </cases>
    </suite>
  </suites>
  <duration>5.604</duration>
  <skipOldReports>false</skipOldReports>
  <startTime>-1</startTime>
  <stdioRetention>NONE</stdioRetention>
  <keepTestNames>false</keepTestNames>
  <keepProperties>false</keepProperties>
</result>